c:\users\joe\documents\software_programming\vst_programming\midsidestereoshaper\builds\visualstudio2015\debug\juce_audio_devices.obj
c:\users\joe\documents\software_programming\vst_programming\midsidestereoshaper\builds\visualstudio2015\debug\juce_audio_plugin_client_utils.obj
c:\users\joe\documents\software_programming\vst_programming\midsidestereoshaper\builds\visualstudio2015\debug\juce_core.obj
c:\users\joe\documents\software_programming\vst_programming\midsidestereoshaper\builds\visualstudio2015\debug\juce_opengl.obj
c:\users\joe\documents\software_programming\vst_programming\midsidestereoshaper\builds\visualstudio2015\debug\plugineditor.obj
c:\users\joe\documents\software_programming\vst_programming\midsidestereoshaper\builds\visualstudio2015\debug\juce_audio_plugin_client_vst3.obj
c:\users\joe\documents\software_programming\vst_programming\midsidestereoshaper\builds\visualstudio2015\debug\juce_events.obj
c:\users\joe\documents\software_programming\vst_programming\midsidestereoshaper\builds\visualstudio2015\debug\juce_gui_extra.obj
c:\users\joe\documents\software_programming\vst_programming\midsidestereoshaper\builds\visualstudio2015\debug\juce_audio_basics.obj
c:\users\joe\documents\software_programming\vst_programming\midsidestereoshaper\builds\visualstudio2015\debug\juce_audio_formats.obj
c:\users\joe\documents\software_programming\vst_programming\midsidestereoshaper\builds\visualstudio2015\debug\juce_cryptography.obj
c:\users\joe\documents\software_programming\vst_programming\midsidestereoshaper\builds\visualstudio2015\debug\juce_graphics.obj
c:\users\joe\documents\software_programming\vst_programming\midsidestereoshaper\builds\visualstudio2015\debug\juce_video.obj
c:\users\joe\documents\software_programming\vst_programming\midsidestereoshaper\builds\visualstudio2015\debug\pluginprocessor.obj
c:\users\joe\documents\software_programming\vst_programming\midsidestereoshaper\builds\visualstudio2015\debug\juce_audio_processors.obj
c:\users\joe\documents\software_programming\vst_programming\midsidestereoshaper\builds\visualstudio2015\debug\juce_data_structures.obj
c:\users\joe\documents\software_programming\vst_programming\midsidestereoshaper\builds\visualstudio2015\debug\juce_gui_basics.obj
c:\users\joe\documents\software_programming\vst_programming\midsidestereoshaper\builds\visualstudio2015\debug\vc140.pdb
c:\users\joe\documents\software_programming\vst_programming\midsidestereoshaper\builds\visualstudio2015\debug\resources.res
c:\users\joe\documents\software_programming\vst_programming\midsidestereoshaper\builds\visualstudio2015\debug\midsidestereoshaper.exp
c:\users\joe\documents\software_programming\vst_programming\midsidestereoshaper\builds\visualstudio2015\debug\vc140.idb
c:\users\joe\documents\software_programming\vst_programming\midsidestereoshaper\builds\visualstudio2015\debug\midsidestereoshaper.pdb
c:\users\joe\documents\software_programming\vst_programming\midsidestereoshaper\builds\visualstudio2015\debug\midsides.2d59370e.tlog\cl.command.1.tlog
c:\users\joe\documents\software_programming\vst_programming\midsidestereoshaper\builds\visualstudio2015\debug\midsides.2d59370e.tlog\cl.read.1.tlog
c:\users\joe\documents\software_programming\vst_programming\midsidestereoshaper\builds\visualstudio2015\debug\midsides.2d59370e.tlog\cl.write.1.tlog
c:\users\joe\documents\software_programming\vst_programming\midsidestereoshaper\builds\visualstudio2015\debug\midsides.2d59370e.tlog\link-cvtres.read.1.tlog
c:\users\joe\documents\software_programming\vst_programming\midsidestereoshaper\builds\visualstudio2015\debug\midsides.2d59370e.tlog\link-cvtres.write.1.tlog
c:\users\joe\documents\software_programming\vst_programming\midsidestereoshaper\builds\visualstudio2015\debug\midsides.2d59370e.tlog\link-rc.read.1.tlog
c:\users\joe\documents\software_programming\vst_programming\midsidestereoshaper\builds\visualstudio2015\debug\midsides.2d59370e.tlog\link-rc.write.1.tlog
c:\users\joe\documents\software_programming\vst_programming\midsidestereoshaper\builds\visualstudio2015\debug\midsides.2d59370e.tlog\link.command.1.tlog
c:\users\joe\documents\software_programming\vst_programming\midsidestereoshaper\builds\visualstudio2015\debug\midsides.2d59370e.tlog\link.read.1.tlog
c:\users\joe\documents\software_programming\vst_programming\midsidestereoshaper\builds\visualstudio2015\debug\midsides.2d59370e.tlog\link.write.1.tlog
c:\users\joe\documents\software_programming\vst_programming\midsidestereoshaper\builds\visualstudio2015\debug\midsides.2d59370e.tlog\rc.command.1.tlog
c:\users\joe\documents\software_programming\vst_programming\midsidestereoshaper\builds\visualstudio2015\debug\midsides.2d59370e.tlog\rc.read.1.tlog
c:\users\joe\documents\software_programming\vst_programming\midsidestereoshaper\builds\visualstudio2015\debug\midsides.2d59370e.tlog\rc.write.1.tlog
